<?xml version="1.0" encoding="UTF-8"?>
<!-- Generated by org.testng.reporters.JUnitReportReporter -->
<testsuite hostname="LAPTOP-R73FJCSE" failures="0" tests="4" name="com.jan23.tekarch.TakarchAutomation" time="40.669" errors="0" timestamp="2023-02-20T19:34:15 PST" skipped="1">
  <testcase classname="com.jan23.tekarch.TakarchAutomation" name="loginToFirebase" time="14.615"/>
  <system-out/>
  <testcase classname="com.jan23.tekarch.TakarchAutomation" name="student_Registration_Form" time="12.275"/>
  <system-out/>
  <testcase classname="com.jan23.tekarch.TakarchAutomation" name="autocompleteCountryWidget" time="13.779"/>
  <system-out/>
  <testcase classname="com.jan23.tekarch.TakarchAutomation" name="error_Login_Salesforce">
    <skipped/>
  </testcase> <!-- error_Login_Salesforce -->
  <system-out/>
</testsuite> <!-- com.jan23.tekarch.TakarchAutomation -->
