<?xml version="1.0" encoding="UTF-8"?>
<!-- Generated by org.testng.reporters.JUnitReportReporter -->
<testsuite hostname="LAPTOP-R73FJCSE" failures="0" tests="4" name="com.jan23.tekarch.TakarchAutomation" time="40.975" errors="0" timestamp="2023-02-20T16:52:40 PST" skipped="1">
  <testcase classname="com.jan23.tekarch.TakarchAutomation" name="loginToFirebase" time="13.010"/>
  <system-out/>
  <testcase classname="com.jan23.tekarch.TakarchAutomation" name="student_Registration_Form" time="13.488"/>
  <system-out/>
  <testcase classname="com.jan23.tekarch.TakarchAutomation" name="autocompleteCountryWidget" time="14.477"/>
  <system-out/>
  <testcase classname="com.jan23.tekarch.TakarchAutomation" name="error_Login_Salesforce">
    <skipped/>
  </testcase> <!-- error_Login_Salesforce -->
  <system-out/>
</testsuite> <!-- com.jan23.tekarch.TakarchAutomation -->
